2023-07-20 02:23:35,983 INFO [restartedMain] c.e.e.EmployeeManagementSystemApplication [StartupInfoLogger.java:51] Starting EmployeeManagementSystemApplication using Java 20.0.1 with PID 17172 (C:\Users\fatih\Desktop\employee-management-system\target\classes started by fatih in C:\Users\fatih\Desktop\employee-management-system)
2023-07-20 02:23:35,985 INFO [restartedMain] c.e.e.EmployeeManagementSystemApplication [SpringApplication.java:634] No active profile set, falling back to 1 default profile: "default"
2023-07-20 02:23:36,028 INFO [restartedMain] o.s.b.d.e.DevToolsPropertyDefaultsPostProcessor [DeferredLog.java:250] Devtools property defaults active! Set 'spring.devtools.add-properties' to 'false' to disable
2023-07-20 02:23:36,030 INFO [restartedMain] o.s.b.d.e.DevToolsPropertyDefaultsPostProcessor [DeferredLog.java:250] For additional web related logging consider setting the 'logging.level.web' property to 'DEBUG'
2023-07-20 02:23:36,765 INFO [restartedMain] o.s.d.r.c.RepositoryConfigurationDelegate [RepositoryConfigurationDelegate.java:138] Bootstrapping Spring Data JPA repositories in DEFAULT mode.
2023-07-20 02:23:36,808 INFO [restartedMain] o.s.d.r.c.RepositoryConfigurationDelegate [RepositoryConfigurationDelegate.java:208] Finished Spring Data repository scanning in 36 ms. Found 2 JPA repository interfaces.
2023-07-20 02:23:37,368 INFO [restartedMain] o.s.b.w.e.t.TomcatWebServer [TomcatWebServer.java:108] Tomcat initialized with port(s): 8080 (http)
2023-07-20 02:23:37,376 INFO [restartedMain] o.a.c.h.Http11NioProtocol [DirectJDKLog.java:173] Initializing ProtocolHandler ["http-nio-8080"]
2023-07-20 02:23:37,379 INFO [restartedMain] o.a.c.c.StandardService [DirectJDKLog.java:173] Starting service [Tomcat]
2023-07-20 02:23:37,379 INFO [restartedMain] o.a.c.c.StandardEngine [DirectJDKLog.java:173] Starting Servlet engine: [Apache Tomcat/10.1.10]
2023-07-20 02:23:37,433 INFO [restartedMain] o.a.c.c.C.[.[.[/] [DirectJDKLog.java:173] Initializing Spring embedded WebApplicationContext
2023-07-20 02:23:37,433 INFO [restartedMain] o.s.b.w.s.c.ServletWebServerApplicationContext [ServletWebServerApplicationContext.java:291] Root WebApplicationContext: initialization completed in 1403 ms
2023-07-20 02:23:37,469 INFO [restartedMain] c.z.h.HikariDataSource [HikariDataSource.java:110] HikariPool-1 - Starting...
2023-07-20 02:23:37,623 INFO [restartedMain] c.z.h.p.HikariPool [HikariPool.java:565] HikariPool-1 - Added connection conn0: url=jdbc:h2:mem:testdb user=SA
2023-07-20 02:23:37,624 INFO [restartedMain] c.z.h.HikariDataSource [HikariDataSource.java:123] HikariPool-1 - Start completed.
2023-07-20 02:23:37,632 INFO [restartedMain] o.s.b.a.h.H2ConsoleAutoConfiguration [H2ConsoleAutoConfiguration.java:88] H2 console available at '/h2-console'. Database available at 'jdbc:h2:mem:testdb'
2023-07-20 02:23:37,737 INFO [restartedMain] o.h.j.i.u.LogHelper [LogHelper.java:31] HHH000204: Processing PersistenceUnitInfo [name: default]
2023-07-20 02:23:37,780 INFO [restartedMain] o.h.Version [Version.java:44] HHH000412: Hibernate ORM core version 6.2.5.Final
2023-07-20 02:23:37,781 INFO [restartedMain] o.h.c.Environment [Environment.java:191] HHH000406: Using bytecode reflection optimizer
2023-07-20 02:23:37,883 INFO [restartedMain] o.h.b.i.BytecodeProviderInitiator [BytecodeProviderInitiator.java:53] HHH000021: Bytecode provider name : bytebuddy
2023-07-20 02:23:37,985 INFO [restartedMain] o.s.o.j.p.SpringPersistenceUnitInfo [SpringPersistenceUnitInfo.java:87] No LoadTimeWeaver setup: ignoring JPA class transformer
2023-07-20 02:23:38,183 INFO [restartedMain] o.h.b.i.BytecodeProviderInitiator [BytecodeProviderInitiator.java:53] HHH000021: Bytecode provider name : bytebuddy
2023-07-20 02:23:38,690 INFO [restartedMain] o.h.e.t.j.p.i.JtaPlatformInitiator [JtaPlatformInitiator.java:51] HHH000490: Using JtaPlatform implementation: [org.hibernate.engine.transaction.jta.platform.internal.NoJtaPlatform]
2023-07-20 02:23:38,751 INFO [restartedMain] o.s.o.j.LocalContainerEntityManagerFactoryBean [AbstractEntityManagerFactoryBean.java:437] Initialized JPA EntityManagerFactory for persistence unit 'default'
2023-07-20 02:23:39,463 WARN [restartedMain] o.s.b.a.o.j.JpaBaseConfiguration$JpaWebConfiguration [JpaBaseConfiguration.java:231] spring.jpa.open-in-view is enabled by default. Therefore, database queries may be performed during view rendering. Explicitly configure spring.jpa.open-in-view to disable this warning
2023-07-20 02:23:39,755 INFO [restartedMain] o.s.b.d.a.OptionalLiveReloadServer [OptionalLiveReloadServer.java:59] LiveReload server is running on port 35729
2023-07-20 02:23:40,301 INFO [restartedMain] o.a.c.h.Http11NioProtocol [DirectJDKLog.java:173] Starting ProtocolHandler ["http-nio-8080"]
2023-07-20 02:23:40,317 INFO [restartedMain] o.s.b.w.e.t.TomcatWebServer [TomcatWebServer.java:220] Tomcat started on port(s): 8080 (http) with context path ''
2023-07-20 02:23:40,324 INFO [restartedMain] c.e.e.EmployeeManagementSystemApplication [StartupInfoLogger.java:57] Started EmployeeManagementSystemApplication in 4.609 seconds (process running for 5.33)
2023-07-20 02:24:05,833 INFO [http-nio-8080-exec-1] o.a.c.c.C.[.[.[/] [DirectJDKLog.java:173] Initializing Spring DispatcherServlet 'dispatcherServlet'
2023-07-20 02:24:05,834 INFO [http-nio-8080-exec-1] o.s.w.s.DispatcherServlet [FrameworkServlet.java:532] Initializing Servlet 'dispatcherServlet'
2023-07-20 02:24:05,835 INFO [http-nio-8080-exec-1] o.s.w.s.DispatcherServlet [FrameworkServlet.java:554] Completed initialization in 1 ms
2023-07-20 02:24:06,709 INFO [http-nio-8080-exec-7] o.s.a.AbstractOpenApiResource [AbstractOpenApiResource.java:401] Init duration for springdoc-openapi is: 414 ms
2023-07-20 02:52:50,859 INFO [main] o.s.m.w.MockServletContext [MockServletContext.java:435] Initializing Spring TestDispatcherServlet ''
2023-07-20 02:52:50,861 INFO [main] o.s.t.w.s.TestDispatcherServlet [FrameworkServlet.java:532] Initializing Servlet ''
2023-07-20 02:52:50,866 INFO [main] o.s.t.w.s.TestDispatcherServlet [FrameworkServlet.java:554] Completed initialization in 2 ms
2023-07-20 02:53:15,305 INFO [main] o.s.m.w.MockServletContext [MockServletContext.java:435] Initializing Spring TestDispatcherServlet ''
2023-07-20 02:53:15,308 INFO [main] o.s.t.w.s.TestDispatcherServlet [FrameworkServlet.java:532] Initializing Servlet ''
2023-07-20 02:53:15,313 INFO [main] o.s.t.w.s.TestDispatcherServlet [FrameworkServlet.java:554] Completed initialization in 3 ms
2023-07-20 02:53:40,805 INFO [main] o.s.m.w.MockServletContext [MockServletContext.java:435] Initializing Spring TestDispatcherServlet ''
2023-07-20 02:53:40,807 INFO [main] o.s.t.w.s.TestDispatcherServlet [FrameworkServlet.java:532] Initializing Servlet ''
2023-07-20 02:53:40,811 INFO [main] o.s.t.w.s.TestDispatcherServlet [FrameworkServlet.java:554] Completed initialization in 2 ms
2023-07-20 02:56:03,337 INFO [main] o.s.m.w.MockServletContext [MockServletContext.java:435] Initializing Spring TestDispatcherServlet ''
2023-07-20 02:56:03,339 INFO [main] o.s.t.w.s.TestDispatcherServlet [FrameworkServlet.java:532] Initializing Servlet ''
2023-07-20 02:56:03,343 INFO [main] o.s.t.w.s.TestDispatcherServlet [FrameworkServlet.java:554] Completed initialization in 3 ms
